<?xml version="1.0" encoding="UTF-8"?>
<!-- Generated by org.testng.reporters.JUnitXMLReporter -->
<testsuite hostname="Shubham" ignored="0" name="Add Customer Test" tests="4" failures="0" timestamp="2020-06-06T12:48:59 IST" time="15.061" errors="0">
  <testcase name="addCustomerTest" time="5.067" classname="com.w2a.testcases.AddCustomerTest"/>
  <testcase name="addCustomerTest" time="0.003" classname="com.w2a.testcases.AddCustomerTest">
    <skipped/>
  </testcase> <!-- addCustomerTest -->
  <testcase name="addCustomerTest" time="4.355" classname="com.w2a.testcases.AddCustomerTest"/>
  <testcase name="addCustomerTest" time="4.31" classname="com.w2a.testcases.AddCustomerTest"/>
</testsuite> <!-- Add Customer Test -->
