<?xml version="1.0" encoding="UTF-8"?>
<testng-results skipped="1" failed="0" ignored="0" total="6" passed="5">
  <reporter-output>
    <line>
      <![CDATA[<br>Verification failure :expected [abc] but found [xyz]<br>]]>
    </line>
    <line>
      <![CDATA[<a target="blank" href=Sat_Jun_06_12_48_20_IST_2020jpg><img src=Sat_Jun_06_12_48_20_IST_2020jpg height=200 width=200></img><a/>]]>
    </line>
    <line>
      <![CDATA[<br>]]>
    </line>
  </reporter-output>
  <suite name="Data Drivern Basics" duration-ms="46435" started-at="2020-06-06T12:48:20 IST" finished-at="2020-06-06T12:49:06 IST">
    <groups>
    </groups>
    <test name="Bank Manager Login Test" duration-ms="10507" started-at="2020-06-06T12:48:20 IST" finished-at="2020-06-06T12:48:30 IST">
      <class name="com.w2a.testcases.BankManagerLoginTest">
        <test-method status="PASS" signature="bankManagerloginTest()[pri:0, instance:com.w2a.testcases.BankManagerLoginTest@3ad83a66]" name="bankManagerloginTest" duration-ms="9707" started-at="2020-06-06T12:48:20 IST" finished-at="2020-06-06T12:48:30 IST">
          <reporter-output>
            <line>
              <![CDATA[<br>Verification failure :expected [abc] but found [xyz]<br>]]>
            </line>
            <line>
              <![CDATA[<a target="blank" href=Sat_Jun_06_12_48_20_IST_2020jpg><img src=Sat_Jun_06_12_48_20_IST_2020jpg height=200 width=200></img><a/>]]>
            </line>
            <line>
              <![CDATA[<br>]]>
            </line>
          </reporter-output>
        </test-method> <!-- bankManagerloginTest -->
      </class> <!-- com.w2a.testcases.BankManagerLoginTest -->
    </test> <!-- Bank Manager Login Test -->
    <test name="Add Customer Test" duration-ms="15061" started-at="2020-06-06T12:48:38 IST" finished-at="2020-06-06T12:48:53 IST">
      <class name="com.w2a.testcases.AddCustomerTest">
        <test-method status="PASS" signature="addCustomerTest(java.util.Hashtable)[pri:0, instance:com.w2a.testcases.AddCustomerTest@30f842ca]" name="addCustomerTest" duration-ms="5067" started-at="2020-06-06T12:48:39 IST" data-provider="dp" finished-at="2020-06-06T12:48:44 IST">
          <params>
            <param index="0">
              <value>
                <![CDATA[{postCode=456454.0, alerttext=Customer added successfully , lastName=kumar, firstName=sam, runmode=Y}]]>
              </value>
            </param>
          </params>
          <reporter-output>
          </reporter-output>
        </test-method> <!-- addCustomerTest -->
        <test-method status="SKIP" signature="addCustomerTest(java.util.Hashtable)[pri:0, instance:com.w2a.testcases.AddCustomerTest@30f842ca]" name="addCustomerTest" duration-ms="3" started-at="2020-06-06T12:48:44 IST" data-provider="dp" finished-at="2020-06-06T12:48:44 IST">
          <params>
            <param index="0">
              <value>
                <![CDATA[{postCode=456454.0, alerttext=Customer added successfully , lastName=kumar, firstName=ram, runmode=N}]]>
              </value>
            </param>
          </params>
          <exception class="org.testng.SkipException">
            <message>
              <![CDATA[skipping the testcase as the rum mode for data set is NO]]>
            </message>
            <full-stacktrace>
              <![CDATA[org.testng.SkipException: skipping the testcase as the rum mode for data set is NO
at com.w2a.testcases.AddCustomerTest.addCustomerTest(AddCustomerTest.java:21)
at sun.reflect.NativeMethodAccessorImpl.invoke0(Native Method)
at sun.reflect.NativeMethodAccessorImpl.invoke(NativeMethodAccessorImpl.java:62)
at sun.reflect.DelegatingMethodAccessorImpl.invoke(DelegatingMethodAccessorImpl.java:43)
at java.lang.reflect.Method.invoke(Method.java:483)
at org.testng.internal.MethodInvocationHelper.invokeMethod(MethodInvocationHelper.java:134)
at org.testng.internal.TestInvoker.invokeMethod(TestInvoker.java:597)
at org.testng.internal.TestInvoker.invokeTestMethod(TestInvoker.java:173)
at org.testng.internal.MethodRunner.runInSequence(MethodRunner.java:46)
at org.testng.internal.TestInvoker$MethodInvocationAgent.invoke(TestInvoker.java:816)
at org.testng.internal.TestInvoker.invokeTestMethods(TestInvoker.java:146)
at org.testng.internal.TestMethodWorker.invokeTestMethods(TestMethodWorker.java:146)
at org.testng.internal.TestMethodWorker.run(TestMethodWorker.java:128)
at org.testng.TestRunner$$Lambda$369/1523649562.accept(Unknown Source)
at java.util.ArrayList.forEach(ArrayList.java:1249)
at org.testng.TestRunner.privateRun(TestRunner.java:766)
at org.testng.TestRunner.run(TestRunner.java:587)
at org.testng.SuiteRunner.runTest(SuiteRunner.java:384)
at org.testng.SuiteRunner.runSequentially(SuiteRunner.java:378)
at org.testng.SuiteRunner.privateRun(SuiteRunner.java:337)
at org.testng.SuiteRunner.run(SuiteRunner.java:286)
at org.testng.SuiteRunnerWorker.runSuite(SuiteRunnerWorker.java:53)
at org.testng.SuiteRunnerWorker.run(SuiteRunnerWorker.java:96)
at org.testng.TestNG.runSuitesSequentially(TestNG.java:1187)
at org.testng.TestNG.runSuitesLocally(TestNG.java:1109)
at org.testng.TestNG.runSuites(TestNG.java:1039)
at org.testng.TestNG.run(TestNG.java:1007)
at org.apache.maven.surefire.testng.TestNGExecutor.run(TestNGExecutor.java:283)
at org.apache.maven.surefire.testng.TestNGXmlTestSuite.execute(TestNGXmlTestSuite.java:75)
at org.apache.maven.surefire.testng.TestNGProvider.invoke(TestNGProvider.java:120)
at org.apache.maven.surefire.booter.ForkedBooter.runSuitesInProcess(ForkedBooter.java:377)
at org.apache.maven.surefire.booter.ForkedBooter.execute(ForkedBooter.java:138)
at org.apache.maven.surefire.booter.ForkedBooter.run(ForkedBooter.java:465)
at org.apache.maven.surefire.booter.ForkedBooter.main(ForkedBooter.java:451)
]]>
            </full-stacktrace>
          </exception> <!-- org.testng.SkipException -->
          <reporter-output>
          </reporter-output>
        </test-method> <!-- addCustomerTest -->
        <test-method status="PASS" signature="addCustomerTest(java.util.Hashtable)[pri:0, instance:com.w2a.testcases.AddCustomerTest@30f842ca]" name="addCustomerTest" duration-ms="4355" started-at="2020-06-06T12:48:44 IST" data-provider="dp" finished-at="2020-06-06T12:48:48 IST">
          <params>
            <param index="0">
              <value>
                <![CDATA[{postCode=456454.0, alerttext=Customer added successfully , lastName=kumar, firstName=jam, runmode=Y}]]>
              </value>
            </param>
          </params>
          <reporter-output>
          </reporter-output>
        </test-method> <!-- addCustomerTest -->
        <test-method status="PASS" signature="addCustomerTest(java.util.Hashtable)[pri:0, instance:com.w2a.testcases.AddCustomerTest@30f842ca]" name="addCustomerTest" duration-ms="4310" started-at="2020-06-06T12:48:49 IST" data-provider="dp" finished-at="2020-06-06T12:48:53 IST">
          <params>
            <param index="0">
              <value>
                <![CDATA[{postCode=456454.0, alerttext=Customer added successfully , lastName=kumar, firstName=pam, runmode=Y}]]>
              </value>
            </param>
          </params>
          <reporter-output>
          </reporter-output>
        </test-method> <!-- addCustomerTest -->
      </class> <!-- com.w2a.testcases.AddCustomerTest -->
    </test> <!-- Add Customer Test -->
    <test name="Open Account Test" duration-ms="6886" started-at="2020-06-06T12:48:59 IST" finished-at="2020-06-06T12:49:06 IST">
      <class name="com.w2a.testcases.OpenAccountTest">
        <test-method status="PASS" signature="setUp()[pri:0, instance:com.w2a.testcases.OpenAccountTest@7b4c50bc]" name="setUp" is-config="true" duration-ms="13320" started-at="2020-06-06T12:48:06 IST" finished-at="2020-06-06T12:48:20 IST">
          <reporter-output>
          </reporter-output>
        </test-method> <!-- setUp -->
        <test-method status="PASS" signature="openAccountTest(java.util.Hashtable)[pri:0, instance:com.w2a.testcases.OpenAccountTest@7b4c50bc]" name="openAccountTest" duration-ms="6648" started-at="2020-06-06T12:48:59 IST" data-provider="dp" finished-at="2020-06-06T12:49:06 IST">
          <params>
            <param index="0">
              <value>
                <![CDATA[{currency=Rupee, customer=sam kumar}]]>
              </value>
            </param>
          </params>
          <reporter-output>
          </reporter-output>
        </test-method> <!-- openAccountTest -->
        <test-method status="PASS" signature="tearDown()[pri:0, instance:com.w2a.testcases.OpenAccountTest@7b4c50bc]" name="tearDown" is-config="true" duration-ms="1258" started-at="2020-06-06T12:49:14 IST" finished-at="2020-06-06T12:49:15 IST">
          <reporter-output>
          </reporter-output>
        </test-method> <!-- tearDown -->
      </class> <!-- com.w2a.testcases.OpenAccountTest -->
    </test> <!-- Open Account Test -->
  </suite> <!-- Data Drivern Basics -->
</testng-results>
